<?xml version="1.0" encoding="UTF-8"?>
<!-- Generated by org.testng.reporters.JUnitXMLReporter -->
<testsuite ignored="0" hostname="LAPTOP-0SSE1271" failures="0" tests="10" name="Test" time="131.097" errors="0" timestamp="2020-01-15T16:02:42 IST">
  <testcase classname="com.crm.qa.testcases.HomePageTest" name="homePageTitleTest" time="0.512"/>
  <testcase classname="com.crm.qa.testcases.HomePageTest" name="homePageLogoTest" time="0.467"/>
  <testcase classname="com.crm.qa.testcases.HomePageTest" name="loginTest" time="5.232"/>
  <testcase classname="com.crm.qa.testcases.LoginPageTest" name="validateLoginPageTitleTest" time="0.015"/>
  <testcase classname="com.crm.qa.testcases.LoginPageTest" name="loginToMyaccountTest" time="2.311"/>
  <testcase classname="com.crm.qa.testcases.MyAccountPageTest" name="validateMyAccountPageTitleTest" time="0.01"/>
  <testcase classname="com.crm.qa.testcases.MyAccountPageTest" name="validateUserNameDisplayTest" time="2.051"/>
  <testcase classname="com.crm.qa.testcases.MyAccountPageTest" name="validateContactsLinkTest" time="2.247"/>
  <testcase classname="com.crm.qa.testcases.ContactsPageTest" name="verifyContactsLabelTextTest" time="0.065"/>
  <testcase classname="com.crm.qa.testcases.ContactsPageTest" name="selectContactByNameTest" time="2.055"/>
</testsuite> <!-- Test -->
