<?xml version="1.0" encoding="UTF-8"?>
<!-- Generated by org.testng.reporters.JUnitXMLReporter -->
<testsuite ignored="0" hostname="LAPTOP-0SSE1271" failures="0" tests="10" name="Test" time="166.275" errors="0" timestamp="13 Jan 2020 11:17:42 GMT">
  <testcase classname="com.crm.qa.testcases.HomePageTest" name="homePageTitleTest" time="0.228"/>
  <testcase classname="com.crm.qa.testcases.LoginPageTest" name="validateLoginPageTitleTest" time="0.013"/>
  <testcase classname="com.crm.qa.testcases.MyAccountPageTest" name="validateMyAccountPageTitleTest" time="0.007"/>
  <testcase classname="com.crm.qa.testcases.ContactsPageTest" name="verifyContactsLabelTextTest" time="0.041"/>
  <testcase classname="com.crm.qa.testcases.HomePageTest" name="homePageLogoTest" time="1.132"/>
  <testcase classname="com.crm.qa.testcases.LoginPageTest" name="loginToMyaccountTest" time="3.921"/>
  <testcase classname="com.crm.qa.testcases.MyAccountPageTest" name="validateUserNameDisplayTest" time="2.171"/>
  <testcase classname="com.crm.qa.testcases.ContactsPageTest" name="selectContactByNameTest" time="3.085"/>
  <testcase classname="com.crm.qa.testcases.HomePageTest" name="loginTest" time="6.119"/>
  <testcase classname="com.crm.qa.testcases.MyAccountPageTest" name="validateContactsLinkTest" time="3.179"/>
</testsuite> <!-- Test -->
